# JRE version: OpenJDK Runtime Environment Temurin-21.0.10+7 (21.0.10+7) (build 21.0.10+7-LTS)
# Java VM: OpenJDK 64-Bit Server VM Temurin-21.0.10+7 (21.0.10+7-LTS, mixed mode, sharing, tiered, compressed oops, compressed class ptrs, g1 gc, windows-amd64)
GC Precious Log:
 CardTable entry size: 512
 Card Set container configuration: InlinePtr #cards 4 size 8 Array Of Cards #cards 32 size 80 Howl #buckets 8 coarsen threshold 7372 Howl Bitmap #cards 1024 size 144 coarsen threshold 921 Card regions per heap region 1 cards per card region 8192
 CPUs: 8 total, 8 available
 Memory: 8075M
 Large Page Support: Disabled
 NUMA Support: Disabled
 Compressed Oops: Enabled (Zero based)
 Heap Region Size: 4M
 Heap Min Capacity: 8M
 Heap Initial Capacity: 128M
 Heap Max Capacity: 8G
 Pre-touch: Disabled
 Parallel Workers: 8
 Concurrent Workers: 2
 Concurrent Refinement Workers: 8
 Periodic GC: Disabled
Heap:
 garbage-first heap   total 327680K, used 201354K [0x0000000600000000, 0x0000000800000000)
  region size 4096K, 3 young (12288K), 3 survivors (12288K)
 Metaspace       used 177678K, committed 180672K, reserved 1245184K
  class space    used 23860K, committed 25344K, reserved 1048576K
GC Heap History (20 events):
Event: 100.867 GC heap after
{Heap after GC invocations=43 (full 0):
 garbage-first heap   total 204800K, used 126685K [0x0000000600000000, 0x0000000800000000)
  region size 4096K, 2 young (8192K), 2 survivors (8192K)
 Metaspace       used 111762K, committed 114176K, reserved 1179648K
  class space    used 15910K, committed 17088K, reserved 1048576K
}
Event: 101.993 GC heap before
{Heap before GC invocations=44 (full 0):
 garbage-first heap   total 221184K, used 184029K [0x0000000600000000, 0x0000000800000000)
  region size 4096K, 16 young (65536K), 2 survivors (8192K)
 Metaspace       used 115000K, committed 117568K, reserved 1179648K
  class space    used 16356K, committed 17600K, reserved 1048576K
}
Event: 102.004 GC heap after
{Heap after GC invocations=45 (full 0):
 garbage-first heap   total 221184K, used 131411K [0x0000000600000000, 0x0000000800000000)
  region size 4096K, 2 young (8192K), 2 survivors (8192K)
 Metaspace       used 115000K, committed 117568K, reserved 1179648K
  class space    used 16356K, committed 17600K, reserved 1048576K
}
Event: 104.648 GC heap before
{Heap before GC invocations=45 (full 0):
 garbage-first heap   total 221184K, used 201043K [0x0000000600000000, 0x0000000800000000)
  region size 4096K, 19 young (77824K), 2 survivors (8192K)
 Metaspace       used 117005K, committed 119488K, reserved 1179648K
  class space    used 16649K, committed 17856K, reserved 1048576K
}
Event: 104.684 GC heap after
{Heap after GC invocations=46 (full 0):
 garbage-first heap   total 266240K, used 137104K [0x0000000600000000, 0x0000000800000000)
  region size 4096K, 3 young (12288K), 3 survivors (12288K)
 Metaspace       used 117005K, committed 119488K, reserved 1179648K
  class space    used 16649K, committed 17856K, reserved 1048576K
}
Event: 107.316 GC heap before
{Heap before GC invocations=46 (full 0):
 garbage-first heap   total 266240K, used 243600K [0x0000000600000000, 0x0000000800000000)
  region size 4096K, 28 young (114688K), 3 survivors (12288K)
 Metaspace       used 131113K, committed 133824K, reserved 1179648K
  class space    used 18834K, committed 20160K, reserved 1048576K
}
Event: 107.333 GC heap after
{Heap after GC invocations=47 (full 0):
 garbage-first heap   total 270336K, used 153631K [0x0000000600000000, 0x0000000800000000)
  region size 4096K, 4 young (16384K), 4 survivors (16384K)
 Metaspace       used 131113K, committed 133824K, reserved 1179648K
  class space    used 18834K, committed 20160K, reserved 1048576K
}
Event: 108.100 GC heap before
{Heap before GC invocations=47 (full 0):
 garbage-first heap   total 270336K, used 243743K [0x0000000600000000, 0x0000000800000000)
  region size 4096K, 26 young (106496K), 4 survivors (16384K)
 Metaspace       used 133291K, committed 135936K, reserved 1179648K
  class space    used 19096K, committed 20416K, reserved 1048576K
}
Event: 108.170 GC heap after
{Heap after GC invocations=48 (full 0):
 garbage-first heap   total 282624K, used 165737K [0x0000000600000000, 0x0000000800000000)
  region size 4096K, 4 young (16384K), 4 survivors (16384K)
 Metaspace       used 133291K, committed 135936K, reserved 1179648K
  class space    used 19096K, committed 20416K, reserved 1048576K
}
Event: 108.681 GC heap before
{Heap before GC invocations=48 (full 0):
 garbage-first heap   total 282624K, used 178025K [0x0000000600000000, 0x0000000800000000)
  region size 4096K, 8 young (32768K), 4 survivors (16384K)
 Metaspace       used 135161K, committed 137792K, reserved 1179648K
  class space    used 19296K, committed 20608K, reserved 1048576K
}
Event: 108.718 GC heap after
{Heap after GC invocations=49 (full 0):
 garbage-first heap   total 282624K, used 170490K [0x0000000600000000, 0x0000000800000000)
  region size 4096K, 1 young (4096K), 1 survivors (4096K)
 Metaspace       used 135161K, committed 137792K, reserved 1179648K
  class space    used 19296K, committed 20608K, reserved 1048576K
}
Event: 110.231 GC heap before
{Heap before GC invocations=50 (full 0):
 garbage-first heap   total 303104K, used 260602K [0x0000000600000000, 0x0000000800000000)
  region size 4096K, 21 young (86016K), 1 survivors (4096K)
 Metaspace       used 144162K, committed 147072K, reserved 1179648K
  class space    used 20298K, committed 21760K, reserved 1048576K
}
Event: 110.240 GC heap after
{Heap after GC invocations=51 (full 0):
 garbage-first heap   total 303104K, used 182603K [0x0000000600000000, 0x0000000800000000)
  region size 4096K, 2 young (8192K), 2 survivors (8192K)
 Metaspace       used 144162K, committed 147072K, reserved 1179648K
  class space    used 20298K, committed 21760K, reserved 1048576K
}
Event: 111.831 GC heap before
{Heap before GC invocations=51 (full 0):
 garbage-first heap   total 303104K, used 268619K [0x0000000600000000, 0x0000000800000000)
  region size 4096K, 23 young (94208K), 2 survivors (8192K)
 Metaspace       used 151692K, committed 154688K, reserved 1245184K
  class space    used 21244K, committed 22720K, reserved 1048576K
}
Event: 111.862 GC heap after
{Heap after GC invocations=52 (full 0):
 garbage-first heap   total 303104K, used 186929K [0x0000000600000000, 0x0000000800000000)
  region size 4096K, 3 young (12288K), 3 survivors (12288K)
 Metaspace       used 151692K, committed 154688K, reserved 1245184K
  class space    used 21244K, committed 22720K, reserved 1048576K
}
Event: 113.625 GC heap before
{Heap before GC invocations=52 (full 0):
 garbage-first heap   total 303104K, used 272945K [0x0000000600000000, 0x0000000800000000)
  region size 4096K, 24 young (98304K), 3 survivors (12288K)
 Metaspace       used 158885K, committed 161920K, reserved 1245184K
  class space    used 22035K, committed 23552K, reserved 1048576K
}
Event: 113.638 GC heap after
{Heap after GC invocations=53 (full 0):
 garbage-first heap   total 303104K, used 193598K [0x0000000600000000, 0x0000000800000000)
  region size 4096K, 3 young (12288K), 3 survivors (12288K)
 Metaspace       used 158885K, committed 161920K, reserved 1245184K
  class space    used 22035K, committed 23552K, reserved 1048576K
}
Event: 115.565 GC heap before
{Heap before GC invocations=54 (full 0):
 garbage-first heap   total 327680K, used 275518K [0x0000000600000000, 0x0000000800000000)
  region size 4096K, 23 young (94208K), 3 survivors (12288K)
 Metaspace       used 171004K, committed 174016K, reserved 1245184K
  class space    used 23248K, committed 24768K, reserved 1048576K
}
Event: 115.583 GC heap after
{Heap after GC invocations=55 (full 0):
 garbage-first heap   total 327680K, used 198234K [0x0000000600000000, 0x0000000800000000)
  region size 4096K, 1 young (4096K), 1 survivors (4096K)
 Metaspace       used 171004K, committed 174016K, reserved 1245184K
  class space    used 23248K, committed 24768K, reserved 1048576K
}
Event: 129.281 GC heap before
{Heap before GC invocations=55 (full 0):
 garbage-first heap   total 327680K, used 296538K [0x0000000600000000, 0x0000000800000000)
  region size 4096K, 25 young (102400K), 1 survivors (4096K)
 Metaspace       used 177678K, committed 180672K, reserved 1245184K
  class space    used 23860K, committed 25344K, reserved 1048576K
}

